0 info it worked if it ends with ok
1 verbose cli [ '/usr/bin/node',
1 verbose cli   '/usr/bin/npm',
1 verbose cli   'install',
1 verbose cli   '--dev-save',
1 verbose cli   'gulp-ugligy' ]
2 info using npm@1.4.28
3 info using node@v0.10.33
4 verbose node symlink /usr/bin/node
5 verbose readDependencies using package.json deps
6 verbose cache add [ 'gulp-ugligy', null ]
7 verbose cache add name=undefined spec="gulp-ugligy" args=["gulp-ugligy",null]
8 verbose parsed url { protocol: null,
8 verbose parsed url   slashes: null,
8 verbose parsed url   auth: null,
8 verbose parsed url   host: null,
8 verbose parsed url   port: null,
8 verbose parsed url   hostname: null,
8 verbose parsed url   hash: null,
8 verbose parsed url   search: null,
8 verbose parsed url   query: null,
8 verbose parsed url   pathname: 'gulp-ugligy',
8 verbose parsed url   path: 'gulp-ugligy',
8 verbose parsed url   href: 'gulp-ugligy' }
9 silly lockFile 5f3257e9-gulp-ugligy gulp-ugligy
10 verbose lock gulp-ugligy /home/alden/.npm/5f3257e9-gulp-ugligy.lock
11 silly lockFile 5f3257e9-gulp-ugligy gulp-ugligy
12 silly lockFile 5f3257e9-gulp-ugligy gulp-ugligy
13 verbose addNamed [ 'gulp-ugligy', '' ]
14 verbose addNamed [ null, '*' ]
15 silly lockFile eed558c0-gulp-ugligy gulp-ugligy@
16 verbose lock gulp-ugligy@ /home/alden/.npm/eed558c0-gulp-ugligy.lock
17 silly addNameRange { name: 'gulp-ugligy', range: '*', hasData: false }
18 verbose request where is /gulp-ugligy
19 verbose request registry https://registry.npmjs.org/
20 verbose request id 49453e46c91e84f9
21 verbose url raw /gulp-ugligy
22 verbose url resolving [ 'https://registry.npmjs.org/', './gulp-ugligy' ]
23 verbose url resolved https://registry.npmjs.org/gulp-ugligy
24 verbose request where is https://registry.npmjs.org/gulp-ugligy
25 info trying registry request attempt 1 at 20:51:53
26 http GET https://registry.npmjs.org/gulp-ugligy
27 http 404 https://registry.npmjs.org/gulp-ugligy
28 verbose headers { date: 'Wed, 17 Dec 2014 01:51:53 GMT',
28 verbose headers   server: 'CouchDB/1.5.0 (Erlang OTP/R16B03)',
28 verbose headers   'content-type': 'application/json',
28 verbose headers   'cache-control': 'max-age=0',
28 verbose headers   'content-length': '52',
28 verbose headers   'accept-ranges': 'bytes',
28 verbose headers   via: '1.1 varnish',
28 verbose headers   age: '0',
28 verbose headers   'x-served-by': 'cache-jfk1031-JFK',
28 verbose headers   'x-cache': 'MISS',
28 verbose headers   'x-cache-hits': '0',
28 verbose headers   'x-timer': 'S1418781113.255462,VS0,VE86',
28 verbose headers   'keep-alive': 'timeout=10, max=50',
28 verbose headers   connection: 'Keep-Alive' }
29 silly registry.get cb [ 404,
29 silly registry.get   { date: 'Wed, 17 Dec 2014 01:51:53 GMT',
29 silly registry.get     server: 'CouchDB/1.5.0 (Erlang OTP/R16B03)',
29 silly registry.get     'content-type': 'application/json',
29 silly registry.get     'cache-control': 'max-age=0',
29 silly registry.get     'content-length': '52',
29 silly registry.get     'accept-ranges': 'bytes',
29 silly registry.get     via: '1.1 varnish',
29 silly registry.get     age: '0',
29 silly registry.get     'x-served-by': 'cache-jfk1031-JFK',
29 silly registry.get     'x-cache': 'MISS',
29 silly registry.get     'x-cache-hits': '0',
29 silly registry.get     'x-timer': 'S1418781113.255462,VS0,VE86',
29 silly registry.get     'keep-alive': 'timeout=10, max=50',
29 silly registry.get     connection: 'Keep-Alive' } ]
30 silly lockFile eed558c0-gulp-ugligy gulp-ugligy@
31 silly lockFile eed558c0-gulp-ugligy gulp-ugligy@
32 error 404 404 Not Found: gulp-ugligy
32 error 404
32 error 404 'gulp-ugligy' is not in the npm registry.
32 error 404 You should bug the author to publish it
32 error 404 It was specified as a dependency of 'Workflow'
32 error 404
32 error 404 Note that you can also install from a
32 error 404 tarball, folder, or http url, or git url.
33 error System Linux 3.13.0-43-generic
34 error command "/usr/bin/node" "/usr/bin/npm" "install" "--dev-save" "gulp-ugligy"
35 error cwd /home/alden/Documents/Programming/Javascript/Workflow
36 error node -v v0.10.33
37 error npm -v 1.4.28
38 error code E404
39 verbose exit [ 1, true ]
